2025-09-07 22:02:08,688 | INFO | log_session_start:201 | TRADING SESSION STARTED
2025-09-07 22:02:08,691 | INFO | log_session_start:202 | ================================================================================
2025-09-07 22:02:08,691 | INFO | log_session_start:203 | Account Balance: $95,605.82
2025-09-07 22:02:08,691 | INFO | log_session_start:204 | Instrument: GU
2025-09-07 22:02:08,691 | INFO | log_session_start:205 | Position: LONG
2025-09-07 22:02:08,691 | INFO | log_session_start:206 | Stop Loss: 12.0 pips
2025-09-07 22:02:08,692 | INFO | log_session_start:207 | Session Time: 2025-09-07 22:02:08
2025-09-07 22:02:08,692 | INFO | log_session_start:208 | ================================================================================
2025-09-07 22:02:10,070 | INFO | log_order_placement:120 | ================================================================================
2025-09-07 22:02:10,071 | INFO | log_order_placement:121 | ORDER PLACEMENT
2025-09-07 22:02:10,071 | INFO | log_order_placement:122 | ================================================================================
2025-09-07 22:02:10,071 | INFO | log_order_placement:123 | Order ID: 217
2025-09-07 22:02:10,071 | INFO | log_order_placement:124 | Instrument: GBP_USD
2025-09-07 22:02:10,071 | INFO | log_order_placement:125 | Position: LONG
2025-09-07 22:02:10,072 | INFO | log_order_placement:126 | Units: 1,195,072
2025-09-07 22:02:10,072 | INFO | log_order_placement:127 | Order Type: LIMIT
2025-09-07 22:02:10,072 | INFO | log_order_placement:130 | Requested Price: 1.35045
2025-09-07 22:02:10,072 | INFO | log_order_placement:132 | Stop Loss: 1.34925 (0.0 pips)
2025-09-07 22:02:10,072 | INFO | log_order_placement:133 | Take Profit: 1.35285 (0.0 pips)
2025-09-07 22:02:10,072 | INFO | log_order_placement:134 | Risk/Reward: 1:2.0
2025-09-07 22:02:10,072 | INFO | log_order_placement:135 | --------------------------------------------------------------------------------
2025-09-07 22:02:12,220 | INFO | log_order_execution:142 | ORDER EXECUTION
2025-09-07 22:02:12,221 | INFO | log_order_execution:143 | ================================================================================
2025-09-07 22:02:12,221 | INFO | log_order_execution:144 | Status: FILLED
2025-09-07 22:02:12,221 | INFO | log_order_execution:145 | Executed Price: 1.35045
2025-09-07 22:02:12,221 | INFO | log_order_execution:146 | Execution Time: 0.00ms
2025-09-07 22:02:12,221 | INFO | log_order_execution:147 | Fill Time: 
2025-09-07 22:02:12,221 | INFO | log_order_execution:155 | ----------------------------------------
2025-09-07 22:02:12,221 | INFO | log_order_execution:156 | COST BREAKDOWN
2025-09-07 22:02:12,222 | INFO | log_order_execution:157 | ----------------------------------------
2025-09-07 22:02:12,222 | INFO | log_order_execution:158 | Spread Cost: $0.00
2025-09-07 22:02:12,222 | INFO | log_order_execution:159 | Commission: $0.00
2025-09-07 22:02:12,222 | INFO | log_order_execution:160 | Financing: $0.00
2025-09-07 22:02:12,222 | INFO | log_order_execution:164 | Total Cost: $0.00
2025-09-07 22:02:12,222 | INFO | log_order_execution:167 | ----------------------------------------
2025-09-07 22:02:12,222 | INFO | log_order_execution:168 | ACCOUNT IMPACT
2025-09-07 22:02:12,222 | INFO | log_order_execution:169 | ----------------------------------------
2025-09-07 22:02:12,223 | INFO | log_order_execution:170 | Account Balance: $0.00
2025-09-07 22:02:12,223 | INFO | log_order_execution:171 | Margin Required: $0.00
2025-09-07 22:02:12,223 | INFO | log_order_execution:173 | ================================================================================
2025-09-07 22:02:12,226 | INFO | log_session_end:212 | ================================================================================
2025-09-07 22:02:12,226 | INFO | log_session_end:213 | TRADING SESSION ENDED
2025-09-07 22:02:12,226 | INFO | log_session_end:214 | ================================================================================
2025-09-07 22:02:12,226 | INFO | log_session_end:215 | Reason: Limit order filled
2025-09-07 22:02:12,226 | INFO | log_session_end:216 | End Time: 2025-09-07 22:02:12
2025-09-07 22:02:12,227 | INFO | log_session_end:217 | ================================================================================
