2025-08-24 20:55:57,601 | INFO | log_session_start:201 | TRADING SESSION STARTED
2025-08-24 20:55:57,602 | INFO | log_session_start:202 | ================================================================================
2025-08-24 20:55:57,602 | INFO | log_session_start:203 | Account Balance: $95,703.31
2025-08-24 20:55:57,602 | INFO | log_session_start:204 | Instrument: GU
2025-08-24 20:55:57,602 | INFO | log_session_start:205 | Position: LONG
2025-08-24 20:55:57,603 | INFO | log_session_start:206 | Stop Loss: 10.0 pips
2025-08-24 20:55:57,603 | INFO | log_session_start:207 | Session Time: 2025-08-24 20:55:57
2025-08-24 20:55:57,603 | INFO | log_session_start:208 | ================================================================================
2025-08-24 20:56:28,659 | INFO | log_order_placement:120 | ================================================================================
2025-08-24 20:56:28,660 | INFO | log_order_placement:121 | ORDER PLACEMENT
2025-08-24 20:56:28,661 | INFO | log_order_placement:122 | ================================================================================
2025-08-24 20:56:28,661 | INFO | log_order_placement:123 | Order ID: 204
2025-08-24 20:56:28,661 | INFO | log_order_placement:124 | Instrument: GBP_USD
2025-08-24 20:56:28,661 | INFO | log_order_placement:125 | Position: LONG
2025-08-24 20:56:28,661 | INFO | log_order_placement:126 | Units: 861,329
2025-08-24 20:56:28,661 | INFO | log_order_placement:127 | Order Type: LIMIT
2025-08-24 20:56:28,661 | INFO | log_order_placement:130 | Requested Price: 1.34974
2025-08-24 20:56:28,661 | INFO | log_order_placement:132 | Stop Loss: 1.34874 (0.0 pips)
2025-08-24 20:56:28,661 | INFO | log_order_placement:133 | Take Profit: 1.35174 (0.0 pips)
2025-08-24 20:56:28,661 | INFO | log_order_placement:134 | Risk/Reward: 1:2.0
2025-08-24 20:56:28,661 | INFO | log_order_placement:135 | --------------------------------------------------------------------------------
2025-08-24 20:57:39,047 | ERROR | log_error:190 | ================================================================================
2025-08-24 20:57:39,049 | ERROR | log_error:191 | EXECUTION ERROR
2025-08-24 20:57:39,049 | ERROR | log_error:192 | ================================================================================
2025-08-24 20:57:39,050 | ERROR | log_error:194 | Order ID: 204
2025-08-24 20:57:39,050 | ERROR | log_error:195 | Error: Error cancelling order: 'Oanda_Service' object has no attribute 'cancel_order'
2025-08-24 20:57:39,050 | ERROR | log_error:196 | Time: 2025-08-24 20:57:39
2025-08-24 20:57:39,050 | ERROR | log_error:197 | ================================================================================
2025-08-24 20:57:39,051 | INFO | log_session_end:212 | ================================================================================
2025-08-24 20:57:39,051 | INFO | log_session_end:213 | TRADING SESSION ENDED
2025-08-24 20:57:39,051 | INFO | log_session_end:214 | ================================================================================
2025-08-24 20:57:39,051 | INFO | log_session_end:215 | Reason: Limit order cancelled by user
2025-08-24 20:57:39,051 | INFO | log_session_end:216 | End Time: 2025-08-24 20:57:39
2025-08-24 20:57:39,051 | INFO | log_session_end:217 | ================================================================================
